[2016-01-04 11:11:03,421][INFO ][node                     ] [Sam Wilson] version[1.7.2], pid[19753], build[e43676b/2015-09-14T09:49:53Z]
[2016-01-04 11:11:03,421][INFO ][node                     ] [Sam Wilson] initializing ...
[2016-01-04 11:11:03,597][INFO ][plugins                  ] [Sam Wilson] loaded [], sites []
[2016-01-04 11:11:03,689][INFO ][env                      ] [Sam Wilson] using [1] data paths, mounts [[/ (/dev/disk1)]], net usable_space [3.1gb], net total_space [111.8gb], types [hfs]
[2016-01-04 11:11:07,220][INFO ][node                     ] [Sam Wilson] initialized
[2016-01-04 11:11:07,221][INFO ][node                     ] [Sam Wilson] starting ...
[2016-01-04 11:11:07,490][INFO ][transport                ] [Sam Wilson] bound_address {inet[/0:0:0:0:0:0:0:0:9300]}, publish_address {inet[/192.168.0.217:9300]}
[2016-01-04 11:11:07,596][INFO ][discovery                ] [Sam Wilson] elasticsearch/RI0wW6-GTAW4FXIFGHuTTA
[2016-01-04 11:11:11,414][INFO ][cluster.service          ] [Sam Wilson] new_master [Sam Wilson][RI0wW6-GTAW4FXIFGHuTTA][codehance.local][inet[/192.168.0.217:9300]], reason: zen-disco-join (elected_as_master)
[2016-01-04 11:11:11,435][INFO ][http                     ] [Sam Wilson] bound_address {inet[/0:0:0:0:0:0:0:0:9200]}, publish_address {inet[/192.168.0.217:9200]}
[2016-01-04 11:11:11,435][INFO ][node                     ] [Sam Wilson] started
[2016-01-04 11:11:11,456][INFO ][gateway                  ] [Sam Wilson] recovered [0] indices into cluster_state
[2016-01-04 11:11:41,435][WARN ][cluster.routing.allocation.decider] [Sam Wilson] high disk watermark [90%] exceeded on [RI0wW6-GTAW4FXIFGHuTTA][Sam Wilson] free: 3.1gb[2.7%], shards will be relocated away from this node
[2016-01-04 11:11:41,444][INFO ][cluster.routing.allocation.decider] [Sam Wilson] high disk watermark exceeded on one or more nodes, rerouting shards
[2016-01-04 11:12:11,435][WARN ][cluster.routing.allocation.decider] [Sam Wilson] high disk watermark [90%] exceeded on [RI0wW6-GTAW4FXIFGHuTTA][Sam Wilson] free: 3.1gb[2.7%], shards will be relocated away from this node
[2016-01-04 11:12:41,441][WARN ][cluster.routing.allocation.decider] [Sam Wilson] high disk watermark [90%] exceeded on [RI0wW6-GTAW4FXIFGHuTTA][Sam Wilson] free: 3.1gb[2.8%], shards will be relocated away from this node
[2016-01-04 11:13:11,443][WARN ][cluster.routing.allocation.decider] [Sam Wilson] high disk watermark [90%] exceeded on [RI0wW6-GTAW4FXIFGHuTTA][Sam Wilson] free: 3.1gb[2.7%], shards will be relocated away from this node
[2016-01-04 11:13:11,447][INFO ][cluster.routing.allocation.decider] [Sam Wilson] high disk watermark exceeded on one or more nodes, rerouting shards
[2016-01-04 11:13:41,442][WARN ][cluster.routing.allocation.decider] [Sam Wilson] high disk watermark [90%] exceeded on [RI0wW6-GTAW4FXIFGHuTTA][Sam Wilson] free: 3.1gb[2.7%], shards will be relocated away from this node
[2016-01-04 11:13:45,320][INFO ][cluster.metadata         ] [Sam Wilson] [blog] creating index, cause [auto(index api)], templates [], shards [5]/[1], mappings [user]
[2016-01-04 11:13:45,711][INFO ][cluster.metadata         ] [Sam Wilson] [blog] update_mapping [user] (dynamic)
[2016-01-04 11:14:11,455][WARN ][cluster.routing.allocation.decider] [Sam Wilson] high disk watermark [90%] exceeded on [RI0wW6-GTAW4FXIFGHuTTA][Sam Wilson] free: 3.1gb[2.7%], shards will be relocated away from this node
[2016-01-04 11:14:11,456][INFO ][cluster.routing.allocation.decider] [Sam Wilson] high disk watermark exceeded on one or more nodes, rerouting shards
[2016-01-04 11:14:41,456][WARN ][cluster.routing.allocation.decider] [Sam Wilson] high disk watermark [90%] exceeded on [RI0wW6-GTAW4FXIFGHuTTA][Sam Wilson] free: 3.1gb[2.7%], shards will be relocated away from this node
[2016-01-04 11:14:43,091][INFO ][cluster.metadata         ] [Sam Wilson] [blog] update_mapping [post] (dynamic)
[2016-01-04 11:15:11,458][WARN ][cluster.routing.allocation.decider] [Sam Wilson] high disk watermark [90%] exceeded on [RI0wW6-GTAW4FXIFGHuTTA][Sam Wilson] free: 3.1gb[2.7%], shards will be relocated away from this node
[2016-01-04 11:15:11,468][INFO ][cluster.routing.allocation.decider] [Sam Wilson] high disk watermark exceeded on one or more nodes, rerouting shards
[2016-01-04 11:15:41,462][WARN ][cluster.routing.allocation.decider] [Sam Wilson] high disk watermark [90%] exceeded on [RI0wW6-GTAW4FXIFGHuTTA][Sam Wilson] free: 3.1gb[2.7%], shards will be relocated away from this node
[2016-01-04 11:16:11,471][WARN ][cluster.routing.allocation.decider] [Sam Wilson] high disk watermark [90%] exceeded on [RI0wW6-GTAW4FXIFGHuTTA][Sam Wilson] free: 3.1gb[2.7%], shards will be relocated away from this node
[2016-01-04 11:16:11,480][INFO ][cluster.routing.allocation.decider] [Sam Wilson] high disk watermark exceeded on one or more nodes, rerouting shards
[2016-01-04 11:16:41,466][WARN ][cluster.routing.allocation.decider] [Sam Wilson] high disk watermark [90%] exceeded on [RI0wW6-GTAW4FXIFGHuTTA][Sam Wilson] free: 3.1gb[2.7%], shards will be relocated away from this node
[2016-01-04 11:17:11,468][WARN ][cluster.routing.allocation.decider] [Sam Wilson] high disk watermark [90%] exceeded on [RI0wW6-GTAW4FXIFGHuTTA][Sam Wilson] free: 3.1gb[2.7%], shards will be relocated away from this node
[2016-01-04 11:17:41,473][WARN ][cluster.routing.allocation.decider] [Sam Wilson] high disk watermark [90%] exceeded on [RI0wW6-GTAW4FXIFGHuTTA][Sam Wilson] free: 3.1gb[2.7%], shards will be relocated away from this node
[2016-01-04 11:17:41,481][INFO ][cluster.routing.allocation.decider] [Sam Wilson] high disk watermark exceeded on one or more nodes, rerouting shards
[2016-01-04 11:18:11,476][WARN ][cluster.routing.allocation.decider] [Sam Wilson] high disk watermark [90%] exceeded on [RI0wW6-GTAW4FXIFGHuTTA][Sam Wilson] free: 3.1gb[2.7%], shards will be relocated away from this node
[2016-01-04 11:18:41,479][WARN ][cluster.routing.allocation.decider] [Sam Wilson] high disk watermark [90%] exceeded on [RI0wW6-GTAW4FXIFGHuTTA][Sam Wilson] free: 3.1gb[2.7%], shards will be relocated away from this node
[2016-01-04 11:18:41,487][INFO ][cluster.routing.allocation.decider] [Sam Wilson] high disk watermark exceeded on one or more nodes, rerouting shards
[2016-01-04 11:19:11,479][WARN ][cluster.routing.allocation.decider] [Sam Wilson] high disk watermark [90%] exceeded on [RI0wW6-GTAW4FXIFGHuTTA][Sam Wilson] free: 3.1gb[2.7%], shards will be relocated away from this node
[2016-01-04 11:19:41,486][WARN ][cluster.routing.allocation.decider] [Sam Wilson] high disk watermark [90%] exceeded on [RI0wW6-GTAW4FXIFGHuTTA][Sam Wilson] free: 3.1gb[2.7%], shards will be relocated away from this node
[2016-01-04 11:19:41,494][INFO ][cluster.routing.allocation.decider] [Sam Wilson] high disk watermark exceeded on one or more nodes, rerouting shards
[2016-01-04 11:20:11,488][WARN ][cluster.routing.allocation.decider] [Sam Wilson] high disk watermark [90%] exceeded on [RI0wW6-GTAW4FXIFGHuTTA][Sam Wilson] free: 3.1gb[2.7%], shards will be relocated away from this node
[2016-01-04 11:20:41,490][WARN ][cluster.routing.allocation.decider] [Sam Wilson] high disk watermark [90%] exceeded on [RI0wW6-GTAW4FXIFGHuTTA][Sam Wilson] free: 3.1gb[2.7%], shards will be relocated away from this node
[2016-01-04 11:20:41,498][INFO ][cluster.routing.allocation.decider] [Sam Wilson] high disk watermark exceeded on one or more nodes, rerouting shards
[2016-01-04 11:21:11,491][WARN ][cluster.routing.allocation.decider] [Sam Wilson] high disk watermark [90%] exceeded on [RI0wW6-GTAW4FXIFGHuTTA][Sam Wilson] free: 3.1gb[2.7%], shards will be relocated away from this node
[2016-01-04 11:21:41,495][WARN ][cluster.routing.allocation.decider] [Sam Wilson] high disk watermark [90%] exceeded on [RI0wW6-GTAW4FXIFGHuTTA][Sam Wilson] free: 3.1gb[2.7%], shards will be relocated away from this node
[2016-01-04 11:22:11,495][WARN ][cluster.routing.allocation.decider] [Sam Wilson] high disk watermark [90%] exceeded on [RI0wW6-GTAW4FXIFGHuTTA][Sam Wilson] free: 3.1gb[2.7%], shards will be relocated away from this node
[2016-01-04 11:22:11,495][INFO ][cluster.routing.allocation.decider] [Sam Wilson] high disk watermark exceeded on one or more nodes, rerouting shards
[2016-01-04 11:22:41,498][WARN ][cluster.routing.allocation.decider] [Sam Wilson] high disk watermark [90%] exceeded on [RI0wW6-GTAW4FXIFGHuTTA][Sam Wilson] free: 3.1gb[2.7%], shards will be relocated away from this node
[2016-01-04 11:23:11,500][WARN ][cluster.routing.allocation.decider] [Sam Wilson] high disk watermark [90%] exceeded on [RI0wW6-GTAW4FXIFGHuTTA][Sam Wilson] free: 3.1gb[2.7%], shards will be relocated away from this node
[2016-01-04 11:23:11,508][INFO ][cluster.routing.allocation.decider] [Sam Wilson] high disk watermark exceeded on one or more nodes, rerouting shards
[2016-01-04 11:23:41,506][WARN ][cluster.routing.allocation.decider] [Sam Wilson] high disk watermark [90%] exceeded on [RI0wW6-GTAW4FXIFGHuTTA][Sam Wilson] free: 3.1gb[2.7%], shards will be relocated away from this node
[2016-01-04 11:24:11,508][WARN ][cluster.routing.allocation.decider] [Sam Wilson] high disk watermark [90%] exceeded on [RI0wW6-GTAW4FXIFGHuTTA][Sam Wilson] free: 3.1gb[2.7%], shards will be relocated away from this node
[2016-01-04 11:24:11,516][INFO ][cluster.routing.allocation.decider] [Sam Wilson] high disk watermark exceeded on one or more nodes, rerouting shards
[2016-01-04 11:24:41,513][WARN ][cluster.routing.allocation.decider] [Sam Wilson] high disk watermark [90%] exceeded on [RI0wW6-GTAW4FXIFGHuTTA][Sam Wilson] free: 3.1gb[2.7%], shards will be relocated away from this node
[2016-01-04 11:25:11,523][WARN ][cluster.routing.allocation.decider] [Sam Wilson] high disk watermark [90%] exceeded on [RI0wW6-GTAW4FXIFGHuTTA][Sam Wilson] free: 3.1gb[2.7%], shards will be relocated away from this node
[2016-01-04 11:25:11,523][INFO ][cluster.routing.allocation.decider] [Sam Wilson] high disk watermark exceeded on one or more nodes, rerouting shards
[2016-01-04 11:25:41,522][WARN ][cluster.routing.allocation.decider] [Sam Wilson] high disk watermark [90%] exceeded on [RI0wW6-GTAW4FXIFGHuTTA][Sam Wilson] free: 3.1gb[2.7%], shards will be relocated away from this node
[2016-01-04 11:26:11,529][WARN ][cluster.routing.allocation.decider] [Sam Wilson] high disk watermark [90%] exceeded on [RI0wW6-GTAW4FXIFGHuTTA][Sam Wilson] free: 3.1gb[2.7%], shards will be relocated away from this node
[2016-01-04 11:26:11,529][INFO ][cluster.routing.allocation.decider] [Sam Wilson] high disk watermark exceeded on one or more nodes, rerouting shards
[2016-01-04 11:26:41,532][WARN ][cluster.routing.allocation.decider] [Sam Wilson] high disk watermark [90%] exceeded on [RI0wW6-GTAW4FXIFGHuTTA][Sam Wilson] free: 3.1gb[2.7%], shards will be relocated away from this node
[2016-01-04 11:27:11,535][WARN ][cluster.routing.allocation.decider] [Sam Wilson] high disk watermark [90%] exceeded on [RI0wW6-GTAW4FXIFGHuTTA][Sam Wilson] free: 3.1gb[2.7%], shards will be relocated away from this node
[2016-01-04 11:27:11,535][INFO ][cluster.routing.allocation.decider] [Sam Wilson] high disk watermark exceeded on one or more nodes, rerouting shards
[2016-01-04 11:27:41,537][WARN ][cluster.routing.allocation.decider] [Sam Wilson] high disk watermark [90%] exceeded on [RI0wW6-GTAW4FXIFGHuTTA][Sam Wilson] free: 3.1gb[2.7%], shards will be relocated away from this node
[2016-01-04 11:28:11,541][WARN ][cluster.routing.allocation.decider] [Sam Wilson] high disk watermark [90%] exceeded on [RI0wW6-GTAW4FXIFGHuTTA][Sam Wilson] free: 3.1gb[2.7%], shards will be relocated away from this node
[2016-01-04 11:28:11,541][INFO ][cluster.routing.allocation.decider] [Sam Wilson] high disk watermark exceeded on one or more nodes, rerouting shards
[2016-01-04 11:28:41,549][WARN ][cluster.routing.allocation.decider] [Sam Wilson] high disk watermark [90%] exceeded on [RI0wW6-GTAW4FXIFGHuTTA][Sam Wilson] free: 3.1gb[2.7%], shards will be relocated away from this node
[2016-01-04 11:29:11,552][WARN ][cluster.routing.allocation.decider] [Sam Wilson] high disk watermark [90%] exceeded on [RI0wW6-GTAW4FXIFGHuTTA][Sam Wilson] free: 3.1gb[2.7%], shards will be relocated away from this node
[2016-01-04 11:29:11,553][INFO ][cluster.routing.allocation.decider] [Sam Wilson] high disk watermark exceeded on one or more nodes, rerouting shards
[2016-01-04 11:29:41,558][WARN ][cluster.routing.allocation.decider] [Sam Wilson] high disk watermark [90%] exceeded on [RI0wW6-GTAW4FXIFGHuTTA][Sam Wilson] free: 3.1gb[2.7%], shards will be relocated away from this node
[2016-01-04 11:30:11,564][WARN ][cluster.routing.allocation.decider] [Sam Wilson] high disk watermark [90%] exceeded on [RI0wW6-GTAW4FXIFGHuTTA][Sam Wilson] free: 3.1gb[2.7%], shards will be relocated away from this node
[2016-01-04 11:30:11,572][INFO ][cluster.routing.allocation.decider] [Sam Wilson] high disk watermark exceeded on one or more nodes, rerouting shards
[2016-01-04 11:30:41,580][WARN ][cluster.routing.allocation.decider] [Sam Wilson] high disk watermark [90%] exceeded on [RI0wW6-GTAW4FXIFGHuTTA][Sam Wilson] free: 3.1gb[2.7%], shards will be relocated away from this node
[2016-01-04 11:31:11,580][WARN ][cluster.routing.allocation.decider] [Sam Wilson] high disk watermark [90%] exceeded on [RI0wW6-GTAW4FXIFGHuTTA][Sam Wilson] free: 3.1gb[2.7%], shards will be relocated away from this node
[2016-01-04 11:31:11,589][INFO ][cluster.routing.allocation.decider] [Sam Wilson] high disk watermark exceeded on one or more nodes, rerouting shards
[2016-01-04 11:31:41,576][WARN ][cluster.routing.allocation.decider] [Sam Wilson] high disk watermark [90%] exceeded on [RI0wW6-GTAW4FXIFGHuTTA][Sam Wilson] free: 3.1gb[2.7%], shards will be relocated away from this node
[2016-01-04 11:32:11,589][WARN ][cluster.routing.allocation.decider] [Sam Wilson] high disk watermark [90%] exceeded on [RI0wW6-GTAW4FXIFGHuTTA][Sam Wilson] free: 3.1gb[2.7%], shards will be relocated away from this node
[2016-01-04 11:32:11,602][INFO ][cluster.routing.allocation.decider] [Sam Wilson] high disk watermark exceeded on one or more nodes, rerouting shards
[2016-01-04 11:32:41,585][WARN ][cluster.routing.allocation.decider] [Sam Wilson] high disk watermark [90%] exceeded on [RI0wW6-GTAW4FXIFGHuTTA][Sam Wilson] free: 3.1gb[2.7%], shards will be relocated away from this node
[2016-01-04 11:33:11,589][WARN ][cluster.routing.allocation.decider] [Sam Wilson] high disk watermark [90%] exceeded on [RI0wW6-GTAW4FXIFGHuTTA][Sam Wilson] free: 3.1gb[2.7%], shards will be relocated away from this node
[2016-01-04 11:33:41,594][WARN ][cluster.routing.allocation.decider] [Sam Wilson] high disk watermark [90%] exceeded on [RI0wW6-GTAW4FXIFGHuTTA][Sam Wilson] free: 3.1gb[2.7%], shards will be relocated away from this node
[2016-01-04 11:33:41,603][INFO ][cluster.routing.allocation.decider] [Sam Wilson] high disk watermark exceeded on one or more nodes, rerouting shards
[2016-01-04 11:34:11,611][WARN ][cluster.routing.allocation.decider] [Sam Wilson] high disk watermark [90%] exceeded on [RI0wW6-GTAW4FXIFGHuTTA][Sam Wilson] free: 3.1gb[2.7%], shards will be relocated away from this node
[2016-01-04 11:34:41,621][WARN ][cluster.routing.allocation.decider] [Sam Wilson] high disk watermark [90%] exceeded on [RI0wW6-GTAW4FXIFGHuTTA][Sam Wilson] free: 3.1gb[2.7%], shards will be relocated away from this node
[2016-01-04 11:34:41,624][INFO ][cluster.routing.allocation.decider] [Sam Wilson] high disk watermark exceeded on one or more nodes, rerouting shards
[2016-01-04 11:35:11,631][WARN ][cluster.routing.allocation.decider] [Sam Wilson] high disk watermark [90%] exceeded on [RI0wW6-GTAW4FXIFGHuTTA][Sam Wilson] free: 3.1gb[2.7%], shards will be relocated away from this node
[2016-01-04 11:35:41,642][WARN ][cluster.routing.allocation.decider] [Sam Wilson] high disk watermark [90%] exceeded on [RI0wW6-GTAW4FXIFGHuTTA][Sam Wilson] free: 3.1gb[2.7%], shards will be relocated away from this node
[2016-01-04 11:35:41,645][INFO ][cluster.routing.allocation.decider] [Sam Wilson] high disk watermark exceeded on one or more nodes, rerouting shards
[2016-01-04 11:36:11,637][WARN ][cluster.routing.allocation.decider] [Sam Wilson] high disk watermark [90%] exceeded on [RI0wW6-GTAW4FXIFGHuTTA][Sam Wilson] free: 3gb[2.7%], shards will be relocated away from this node
[2016-01-04 11:36:41,638][WARN ][cluster.routing.allocation.decider] [Sam Wilson] high disk watermark [90%] exceeded on [RI0wW6-GTAW4FXIFGHuTTA][Sam Wilson] free: 3gb[2.7%], shards will be relocated away from this node
[2016-01-04 11:37:11,657][WARN ][cluster.routing.allocation.decider] [Sam Wilson] high disk watermark [90%] exceeded on [RI0wW6-GTAW4FXIFGHuTTA][Sam Wilson] free: 3gb[2.7%], shards will be relocated away from this node
[2016-01-04 11:37:11,661][INFO ][cluster.routing.allocation.decider] [Sam Wilson] high disk watermark exceeded on one or more nodes, rerouting shards
[2016-01-04 11:37:41,654][WARN ][cluster.routing.allocation.decider] [Sam Wilson] high disk watermark [90%] exceeded on [RI0wW6-GTAW4FXIFGHuTTA][Sam Wilson] free: 3gb[2.7%], shards will be relocated away from this node
[2016-01-04 11:38:11,640][WARN ][cluster.routing.allocation.decider] [Sam Wilson] high disk watermark [90%] exceeded on [RI0wW6-GTAW4FXIFGHuTTA][Sam Wilson] free: 3gb[2.7%], shards will be relocated away from this node
[2016-01-04 11:38:41,667][WARN ][cluster.routing.allocation.decider] [Sam Wilson] high disk watermark [90%] exceeded on [RI0wW6-GTAW4FXIFGHuTTA][Sam Wilson] free: 3gb[2.7%], shards will be relocated away from this node
[2016-01-04 11:38:41,670][INFO ][cluster.routing.allocation.decider] [Sam Wilson] high disk watermark exceeded on one or more nodes, rerouting shards
[2016-01-04 11:39:11,672][WARN ][cluster.routing.allocation.decider] [Sam Wilson] high disk watermark [90%] exceeded on [RI0wW6-GTAW4FXIFGHuTTA][Sam Wilson] free: 3gb[2.7%], shards will be relocated away from this node
[2016-01-04 11:39:41,678][WARN ][cluster.routing.allocation.decider] [Sam Wilson] high disk watermark [90%] exceeded on [RI0wW6-GTAW4FXIFGHuTTA][Sam Wilson] free: 3gb[2.7%], shards will be relocated away from this node
[2016-01-04 11:39:41,681][INFO ][cluster.routing.allocation.decider] [Sam Wilson] high disk watermark exceeded on one or more nodes, rerouting shards
[2016-01-04 11:40:11,686][WARN ][cluster.routing.allocation.decider] [Sam Wilson] high disk watermark [90%] exceeded on [RI0wW6-GTAW4FXIFGHuTTA][Sam Wilson] free: 3gb[2.7%], shards will be relocated away from this node
[2016-01-04 11:40:41,673][WARN ][cluster.routing.allocation.decider] [Sam Wilson] high disk watermark [90%] exceeded on [RI0wW6-GTAW4FXIFGHuTTA][Sam Wilson] free: 3gb[2.7%], shards will be relocated away from this node
[2016-01-04 11:41:11,676][WARN ][cluster.routing.allocation.decider] [Sam Wilson] high disk watermark [90%] exceeded on [RI0wW6-GTAW4FXIFGHuTTA][Sam Wilson] free: 3gb[2.7%], shards will be relocated away from this node
[2016-01-04 11:41:11,676][INFO ][cluster.routing.allocation.decider] [Sam Wilson] high disk watermark exceeded on one or more nodes, rerouting shards
[2016-01-04 11:41:41,681][WARN ][cluster.routing.allocation.decider] [Sam Wilson] high disk watermark [90%] exceeded on [RI0wW6-GTAW4FXIFGHuTTA][Sam Wilson] free: 3gb[2.7%], shards will be relocated away from this node
[2016-01-04 11:42:11,689][WARN ][cluster.routing.allocation.decider] [Sam Wilson] high disk watermark [90%] exceeded on [RI0wW6-GTAW4FXIFGHuTTA][Sam Wilson] free: 3gb[2.7%], shards will be relocated away from this node
[2016-01-04 11:42:11,689][INFO ][cluster.routing.allocation.decider] [Sam Wilson] high disk watermark exceeded on one or more nodes, rerouting shards
[2016-01-04 11:42:41,693][WARN ][cluster.routing.allocation.decider] [Sam Wilson] high disk watermark [90%] exceeded on [RI0wW6-GTAW4FXIFGHuTTA][Sam Wilson] free: 3gb[2.7%], shards will be relocated away from this node
[2016-01-04 11:43:11,695][WARN ][cluster.routing.allocation.decider] [Sam Wilson] high disk watermark [90%] exceeded on [RI0wW6-GTAW4FXIFGHuTTA][Sam Wilson] free: 3gb[2.7%], shards will be relocated away from this node
[2016-01-04 11:43:11,695][INFO ][cluster.routing.allocation.decider] [Sam Wilson] high disk watermark exceeded on one or more nodes, rerouting shards
[2016-01-04 11:43:41,707][WARN ][cluster.routing.allocation.decider] [Sam Wilson] high disk watermark [90%] exceeded on [RI0wW6-GTAW4FXIFGHuTTA][Sam Wilson] free: 3gb[2.7%], shards will be relocated away from this node
[2016-01-04 11:44:11,705][WARN ][cluster.routing.allocation.decider] [Sam Wilson] high disk watermark [90%] exceeded on [RI0wW6-GTAW4FXIFGHuTTA][Sam Wilson] free: 3gb[2.7%], shards will be relocated away from this node
[2016-01-04 11:44:11,725][INFO ][cluster.routing.allocation.decider] [Sam Wilson] high disk watermark exceeded on one or more nodes, rerouting shards
[2016-01-04 11:44:41,722][WARN ][cluster.routing.allocation.decider] [Sam Wilson] high disk watermark [90%] exceeded on [RI0wW6-GTAW4FXIFGHuTTA][Sam Wilson] free: 3gb[2.7%], shards will be relocated away from this node
[2016-01-04 11:45:11,717][WARN ][cluster.routing.allocation.decider] [Sam Wilson] high disk watermark [90%] exceeded on [RI0wW6-GTAW4FXIFGHuTTA][Sam Wilson] free: 3gb[2.7%], shards will be relocated away from this node
[2016-01-04 11:45:41,729][WARN ][cluster.routing.allocation.decider] [Sam Wilson] high disk watermark [90%] exceeded on [RI0wW6-GTAW4FXIFGHuTTA][Sam Wilson] free: 3gb[2.7%], shards will be relocated away from this node
[2016-01-04 11:45:41,731][INFO ][cluster.routing.allocation.decider] [Sam Wilson] high disk watermark exceeded on one or more nodes, rerouting shards
[2016-01-04 11:46:11,725][WARN ][cluster.routing.allocation.decider] [Sam Wilson] high disk watermark [90%] exceeded on [RI0wW6-GTAW4FXIFGHuTTA][Sam Wilson] free: 3gb[2.7%], shards will be relocated away from this node
[2016-01-04 11:46:41,740][WARN ][cluster.routing.allocation.decider] [Sam Wilson] high disk watermark [90%] exceeded on [RI0wW6-GTAW4FXIFGHuTTA][Sam Wilson] free: 3gb[2.6%], shards will be relocated away from this node
[2016-01-04 11:46:41,742][INFO ][cluster.routing.allocation.decider] [Sam Wilson] high disk watermark exceeded on one or more nodes, rerouting shards
[2016-01-04 11:47:11,748][WARN ][cluster.routing.allocation.decider] [Sam Wilson] high disk watermark [90%] exceeded on [RI0wW6-GTAW4FXIFGHuTTA][Sam Wilson] free: 3gb[2.6%], shards will be relocated away from this node
[2016-01-04 11:47:41,744][WARN ][cluster.routing.allocation.decider] [Sam Wilson] high disk watermark [90%] exceeded on [RI0wW6-GTAW4FXIFGHuTTA][Sam Wilson] free: 3gb[2.6%], shards will be relocated away from this node
[2016-01-04 11:47:41,747][INFO ][cluster.routing.allocation.decider] [Sam Wilson] high disk watermark exceeded on one or more nodes, rerouting shards
[2016-01-04 11:48:11,742][WARN ][cluster.routing.allocation.decider] [Sam Wilson] high disk watermark [90%] exceeded on [RI0wW6-GTAW4FXIFGHuTTA][Sam Wilson] free: 2.9gb[2.6%], shards will be relocated away from this node
[2016-01-04 11:48:41,745][WARN ][cluster.routing.allocation.decider] [Sam Wilson] high disk watermark [90%] exceeded on [RI0wW6-GTAW4FXIFGHuTTA][Sam Wilson] free: 2.8gb[2.5%], shards will be relocated away from this node
[2016-01-04 11:48:41,761][INFO ][cluster.routing.allocation.decider] [Sam Wilson] high disk watermark exceeded on one or more nodes, rerouting shards
[2016-01-04 11:49:11,776][WARN ][cluster.routing.allocation.decider] [Sam Wilson] high disk watermark [90%] exceeded on [RI0wW6-GTAW4FXIFGHuTTA][Sam Wilson] free: 2.8gb[2.5%], shards will be relocated away from this node
[2016-01-04 11:49:41,767][WARN ][cluster.routing.allocation.decider] [Sam Wilson] high disk watermark [90%] exceeded on [RI0wW6-GTAW4FXIFGHuTTA][Sam Wilson] free: 2.9gb[2.6%], shards will be relocated away from this node
[2016-01-04 11:49:41,772][INFO ][cluster.routing.allocation.decider] [Sam Wilson] high disk watermark exceeded on one or more nodes, rerouting shards
[2016-01-04 11:50:11,757][WARN ][cluster.routing.allocation.decider] [Sam Wilson] high disk watermark [90%] exceeded on [RI0wW6-GTAW4FXIFGHuTTA][Sam Wilson] free: 2.9gb[2.6%], shards will be relocated away from this node
[2016-01-04 11:50:41,757][WARN ][cluster.routing.allocation.decider] [Sam Wilson] high disk watermark [90%] exceeded on [RI0wW6-GTAW4FXIFGHuTTA][Sam Wilson] free: 2.9gb[2.6%], shards will be relocated away from this node
[2016-01-04 11:51:11,801][WARN ][cluster.routing.allocation.decider] [Sam Wilson] high disk watermark [90%] exceeded on [RI0wW6-GTAW4FXIFGHuTTA][Sam Wilson] free: 2.9gb[2.6%], shards will be relocated away from this node
[2016-01-04 11:51:11,806][INFO ][cluster.routing.allocation.decider] [Sam Wilson] high disk watermark exceeded on one or more nodes, rerouting shards
[2016-01-04 11:51:41,766][WARN ][cluster.routing.allocation.decider] [Sam Wilson] high disk watermark [90%] exceeded on [RI0wW6-GTAW4FXIFGHuTTA][Sam Wilson] free: 2.9gb[2.6%], shards will be relocated away from this node
[2016-01-04 11:52:11,785][WARN ][cluster.routing.allocation.decider] [Sam Wilson] high disk watermark [90%] exceeded on [RI0wW6-GTAW4FXIFGHuTTA][Sam Wilson] free: 2.9gb[2.6%], shards will be relocated away from this node
[2016-01-04 11:52:41,783][WARN ][cluster.routing.allocation.decider] [Sam Wilson] high disk watermark [90%] exceeded on [RI0wW6-GTAW4FXIFGHuTTA][Sam Wilson] free: 2.9gb[2.6%], shards will be relocated away from this node
[2016-01-04 11:52:41,783][INFO ][cluster.routing.allocation.decider] [Sam Wilson] high disk watermark exceeded on one or more nodes, rerouting shards
[2016-01-04 11:53:11,788][WARN ][cluster.routing.allocation.decider] [Sam Wilson] high disk watermark [90%] exceeded on [RI0wW6-GTAW4FXIFGHuTTA][Sam Wilson] free: 2.9gb[2.6%], shards will be relocated away from this node
[2016-01-04 11:53:41,783][WARN ][cluster.routing.allocation.decider] [Sam Wilson] high disk watermark [90%] exceeded on [RI0wW6-GTAW4FXIFGHuTTA][Sam Wilson] free: 2.9gb[2.5%], shards will be relocated away from this node
[2016-01-04 11:53:41,788][INFO ][cluster.routing.allocation.decider] [Sam Wilson] high disk watermark exceeded on one or more nodes, rerouting shards
[2016-01-04 11:54:11,794][WARN ][cluster.routing.allocation.decider] [Sam Wilson] high disk watermark [90%] exceeded on [RI0wW6-GTAW4FXIFGHuTTA][Sam Wilson] free: 2.8gb[2.5%], shards will be relocated away from this node
[2016-01-04 11:54:41,793][WARN ][cluster.routing.allocation.decider] [Sam Wilson] high disk watermark [90%] exceeded on [RI0wW6-GTAW4FXIFGHuTTA][Sam Wilson] free: 2.8gb[2.5%], shards will be relocated away from this node
[2016-01-04 11:54:41,794][INFO ][cluster.routing.allocation.decider] [Sam Wilson] high disk watermark exceeded on one or more nodes, rerouting shards
[2016-01-04 11:55:11,791][WARN ][cluster.routing.allocation.decider] [Sam Wilson] high disk watermark [90%] exceeded on [RI0wW6-GTAW4FXIFGHuTTA][Sam Wilson] free: 2.8gb[2.5%], shards will be relocated away from this node
[2016-01-04 11:55:41,816][WARN ][cluster.routing.allocation.decider] [Sam Wilson] high disk watermark [90%] exceeded on [RI0wW6-GTAW4FXIFGHuTTA][Sam Wilson] free: 2.8gb[2.5%], shards will be relocated away from this node
[2016-01-04 11:55:41,819][INFO ][cluster.routing.allocation.decider] [Sam Wilson] high disk watermark exceeded on one or more nodes, rerouting shards
[2016-01-04 11:56:11,811][WARN ][cluster.routing.allocation.decider] [Sam Wilson] high disk watermark [90%] exceeded on [RI0wW6-GTAW4FXIFGHuTTA][Sam Wilson] free: 2.8gb[2.5%], shards will be relocated away from this node
[2016-01-04 11:56:41,808][WARN ][cluster.routing.allocation.decider] [Sam Wilson] high disk watermark [90%] exceeded on [RI0wW6-GTAW4FXIFGHuTTA][Sam Wilson] free: 2.8gb[2.5%], shards will be relocated away from this node
[2016-01-04 11:57:11,819][WARN ][cluster.routing.allocation.decider] [Sam Wilson] high disk watermark [90%] exceeded on [RI0wW6-GTAW4FXIFGHuTTA][Sam Wilson] free: 2.8gb[2.5%], shards will be relocated away from this node
[2016-01-04 11:57:11,820][INFO ][cluster.routing.allocation.decider] [Sam Wilson] high disk watermark exceeded on one or more nodes, rerouting shards
[2016-01-04 11:57:41,812][WARN ][cluster.routing.allocation.decider] [Sam Wilson] high disk watermark [90%] exceeded on [RI0wW6-GTAW4FXIFGHuTTA][Sam Wilson] free: 2.8gb[2.5%], shards will be relocated away from this node
[2016-01-04 11:58:11,837][WARN ][cluster.routing.allocation.decider] [Sam Wilson] high disk watermark [90%] exceeded on [RI0wW6-GTAW4FXIFGHuTTA][Sam Wilson] free: 2.8gb[2.5%], shards will be relocated away from this node
[2016-01-04 11:58:11,857][INFO ][cluster.routing.allocation.decider] [Sam Wilson] high disk watermark exceeded on one or more nodes, rerouting shards
[2016-01-04 11:58:41,837][WARN ][cluster.routing.allocation.decider] [Sam Wilson] high disk watermark [90%] exceeded on [RI0wW6-GTAW4FXIFGHuTTA][Sam Wilson] free: 2.8gb[2.5%], shards will be relocated away from this node
[2016-01-04 11:59:11,838][WARN ][cluster.routing.allocation.decider] [Sam Wilson] high disk watermark [90%] exceeded on [RI0wW6-GTAW4FXIFGHuTTA][Sam Wilson] free: 2.8gb[2.5%], shards will be relocated away from this node
[2016-01-04 11:59:41,838][WARN ][cluster.routing.allocation.decider] [Sam Wilson] high disk watermark [90%] exceeded on [RI0wW6-GTAW4FXIFGHuTTA][Sam Wilson] free: 2.8gb[2.5%], shards will be relocated away from this node
[2016-01-04 11:59:41,839][INFO ][cluster.routing.allocation.decider] [Sam Wilson] high disk watermark exceeded on one or more nodes, rerouting shards
[2016-01-04 12:00:11,845][WARN ][cluster.routing.allocation.decider] [Sam Wilson] high disk watermark [90%] exceeded on [RI0wW6-GTAW4FXIFGHuTTA][Sam Wilson] free: 2.8gb[2.5%], shards will be relocated away from this node
[2016-01-04 12:00:41,852][WARN ][cluster.routing.allocation.decider] [Sam Wilson] high disk watermark [90%] exceeded on [RI0wW6-GTAW4FXIFGHuTTA][Sam Wilson] free: 2.8gb[2.5%], shards will be relocated away from this node
[2016-01-04 12:00:41,854][INFO ][cluster.routing.allocation.decider] [Sam Wilson] high disk watermark exceeded on one or more nodes, rerouting shards
[2016-01-04 12:01:11,856][WARN ][cluster.routing.allocation.decider] [Sam Wilson] high disk watermark [90%] exceeded on [RI0wW6-GTAW4FXIFGHuTTA][Sam Wilson] free: 2.8gb[2.5%], shards will be relocated away from this node
[2016-01-04 12:01:41,859][WARN ][cluster.routing.allocation.decider] [Sam Wilson] high disk watermark [90%] exceeded on [RI0wW6-GTAW4FXIFGHuTTA][Sam Wilson] free: 2.8gb[2.5%], shards will be relocated away from this node
[2016-01-04 12:01:41,860][INFO ][cluster.routing.allocation.decider] [Sam Wilson] high disk watermark exceeded on one or more nodes, rerouting shards
[2016-01-04 12:02:11,853][WARN ][cluster.routing.allocation.decider] [Sam Wilson] high disk watermark [90%] exceeded on [RI0wW6-GTAW4FXIFGHuTTA][Sam Wilson] free: 2.8gb[2.5%], shards will be relocated away from this node
[2016-01-04 12:02:41,855][WARN ][cluster.routing.allocation.decider] [Sam Wilson] high disk watermark [90%] exceeded on [RI0wW6-GTAW4FXIFGHuTTA][Sam Wilson] free: 2.8gb[2.5%], shards will be relocated away from this node
[2016-01-04 12:02:41,863][INFO ][cluster.routing.allocation.decider] [Sam Wilson] high disk watermark exceeded on one or more nodes, rerouting shards
[2016-01-04 12:03:11,869][WARN ][cluster.routing.allocation.decider] [Sam Wilson] high disk watermark [90%] exceeded on [RI0wW6-GTAW4FXIFGHuTTA][Sam Wilson] free: 2.8gb[2.5%], shards will be relocated away from this node
[2016-01-04 12:03:41,872][WARN ][cluster.routing.allocation.decider] [Sam Wilson] high disk watermark [90%] exceeded on [RI0wW6-GTAW4FXIFGHuTTA][Sam Wilson] free: 2.8gb[2.5%], shards will be relocated away from this node
[2016-01-04 12:03:41,882][INFO ][cluster.routing.allocation.decider] [Sam Wilson] high disk watermark exceeded on one or more nodes, rerouting shards
[2016-01-04 12:04:11,905][WARN ][cluster.routing.allocation.decider] [Sam Wilson] high disk watermark [90%] exceeded on [RI0wW6-GTAW4FXIFGHuTTA][Sam Wilson] free: 2.8gb[2.5%], shards will be relocated away from this node
[2016-01-04 12:04:41,884][WARN ][cluster.routing.allocation.decider] [Sam Wilson] high disk watermark [90%] exceeded on [RI0wW6-GTAW4FXIFGHuTTA][Sam Wilson] free: 2.8gb[2.5%], shards will be relocated away from this node
[2016-01-04 12:04:41,894][INFO ][cluster.routing.allocation.decider] [Sam Wilson] high disk watermark exceeded on one or more nodes, rerouting shards
[2016-01-04 12:05:11,878][WARN ][cluster.routing.allocation.decider] [Sam Wilson] high disk watermark [90%] exceeded on [RI0wW6-GTAW4FXIFGHuTTA][Sam Wilson] free: 2.8gb[2.5%], shards will be relocated away from this node
[2016-01-04 12:05:41,889][WARN ][cluster.routing.allocation.decider] [Sam Wilson] high disk watermark [90%] exceeded on [RI0wW6-GTAW4FXIFGHuTTA][Sam Wilson] free: 2.8gb[2.5%], shards will be relocated away from this node
[2016-01-04 12:06:11,897][WARN ][cluster.routing.allocation.decider] [Sam Wilson] high disk watermark [90%] exceeded on [RI0wW6-GTAW4FXIFGHuTTA][Sam Wilson] free: 2.8gb[2.5%], shards will be relocated away from this node
[2016-01-04 12:06:11,906][INFO ][cluster.routing.allocation.decider] [Sam Wilson] high disk watermark exceeded on one or more nodes, rerouting shards
[2016-01-04 12:06:41,906][WARN ][cluster.routing.allocation.decider] [Sam Wilson] high disk watermark [90%] exceeded on [RI0wW6-GTAW4FXIFGHuTTA][Sam Wilson] free: 2.8gb[2.5%], shards will be relocated away from this node
[2016-01-04 12:07:11,901][WARN ][cluster.routing.allocation.decider] [Sam Wilson] high disk watermark [90%] exceeded on [RI0wW6-GTAW4FXIFGHuTTA][Sam Wilson] free: 2.8gb[2.5%], shards will be relocated away from this node
[2016-01-04 12:07:41,916][WARN ][cluster.routing.allocation.decider] [Sam Wilson] high disk watermark [90%] exceeded on [RI0wW6-GTAW4FXIFGHuTTA][Sam Wilson] free: 2.8gb[2.5%], shards will be relocated away from this node
[2016-01-04 12:07:41,919][INFO ][cluster.routing.allocation.decider] [Sam Wilson] high disk watermark exceeded on one or more nodes, rerouting shards
[2016-01-04 12:08:11,928][WARN ][cluster.routing.allocation.decider] [Sam Wilson] high disk watermark [90%] exceeded on [RI0wW6-GTAW4FXIFGHuTTA][Sam Wilson] free: 2.8gb[2.5%], shards will be relocated away from this node
[2016-01-04 12:08:41,943][WARN ][cluster.routing.allocation.decider] [Sam Wilson] high disk watermark [90%] exceeded on [RI0wW6-GTAW4FXIFGHuTTA][Sam Wilson] free: 2.8gb[2.5%], shards will be relocated away from this node
[2016-01-04 12:08:41,948][INFO ][cluster.routing.allocation.decider] [Sam Wilson] high disk watermark exceeded on one or more nodes, rerouting shards
[2016-01-04 12:09:11,935][WARN ][cluster.routing.allocation.decider] [Sam Wilson] high disk watermark [90%] exceeded on [RI0wW6-GTAW4FXIFGHuTTA][Sam Wilson] free: 2.8gb[2.5%], shards will be relocated away from this node
[2016-01-04 12:09:41,951][WARN ][cluster.routing.allocation.decider] [Sam Wilson] high disk watermark [90%] exceeded on [RI0wW6-GTAW4FXIFGHuTTA][Sam Wilson] free: 2.8gb[2.5%], shards will be relocated away from this node
[2016-01-04 12:09:41,956][INFO ][cluster.routing.allocation.decider] [Sam Wilson] high disk watermark exceeded on one or more nodes, rerouting shards
[2016-01-04 12:10:11,928][WARN ][cluster.routing.allocation.decider] [Sam Wilson] high disk watermark [90%] exceeded on [RI0wW6-GTAW4FXIFGHuTTA][Sam Wilson] free: 2.8gb[2.5%], shards will be relocated away from this node
[2016-01-04 12:10:41,954][WARN ][cluster.routing.allocation.decider] [Sam Wilson] high disk watermark [90%] exceeded on [RI0wW6-GTAW4FXIFGHuTTA][Sam Wilson] free: 2.8gb[2.5%], shards will be relocated away from this node
[2016-01-04 12:10:41,956][INFO ][cluster.routing.allocation.decider] [Sam Wilson] high disk watermark exceeded on one or more nodes, rerouting shards
[2016-01-04 12:11:11,957][WARN ][cluster.routing.allocation.decider] [Sam Wilson] high disk watermark [90%] exceeded on [RI0wW6-GTAW4FXIFGHuTTA][Sam Wilson] free: 2.8gb[2.5%], shards will be relocated away from this node
[2016-01-04 12:11:41,998][WARN ][cluster.routing.allocation.decider] [Sam Wilson] high disk watermark [90%] exceeded on [RI0wW6-GTAW4FXIFGHuTTA][Sam Wilson] free: 2.8gb[2.5%], shards will be relocated away from this node
[2016-01-04 12:11:42,002][INFO ][cluster.routing.allocation.decider] [Sam Wilson] high disk watermark exceeded on one or more nodes, rerouting shards
[2016-01-04 12:12:11,965][WARN ][cluster.routing.allocation.decider] [Sam Wilson] high disk watermark [90%] exceeded on [RI0wW6-GTAW4FXIFGHuTTA][Sam Wilson] free: 2.8gb[2.5%], shards will be relocated away from this node
[2016-01-04 12:12:41,976][WARN ][cluster.routing.allocation.decider] [Sam Wilson] high disk watermark [90%] exceeded on [RI0wW6-GTAW4FXIFGHuTTA][Sam Wilson] free: 2.8gb[2.5%], shards will be relocated away from this node
[2016-01-04 12:13:11,968][WARN ][cluster.routing.allocation.decider] [Sam Wilson] high disk watermark [90%] exceeded on [RI0wW6-GTAW4FXIFGHuTTA][Sam Wilson] free: 2.8gb[2.5%], shards will be relocated away from this node
[2016-01-04 12:13:11,970][INFO ][cluster.routing.allocation.decider] [Sam Wilson] high disk watermark exceeded on one or more nodes, rerouting shards
[2016-01-04 12:13:41,989][WARN ][cluster.routing.allocation.decider] [Sam Wilson] high disk watermark [90%] exceeded on [RI0wW6-GTAW4FXIFGHuTTA][Sam Wilson] free: 2.8gb[2.5%], shards will be relocated away from this node
[2016-01-04 12:14:11,978][WARN ][cluster.routing.allocation.decider] [Sam Wilson] high disk watermark [90%] exceeded on [RI0wW6-GTAW4FXIFGHuTTA][Sam Wilson] free: 2.8gb[2.5%], shards will be relocated away from this node
[2016-01-04 12:14:11,978][INFO ][cluster.routing.allocation.decider] [Sam Wilson] high disk watermark exceeded on one or more nodes, rerouting shards
[2016-01-04 12:14:41,981][WARN ][cluster.routing.allocation.decider] [Sam Wilson] high disk watermark [90%] exceeded on [RI0wW6-GTAW4FXIFGHuTTA][Sam Wilson] free: 2.8gb[2.5%], shards will be relocated away from this node
[2016-01-04 12:15:12,000][WARN ][cluster.routing.allocation.decider] [Sam Wilson] high disk watermark [90%] exceeded on [RI0wW6-GTAW4FXIFGHuTTA][Sam Wilson] free: 2.8gb[2.5%], shards will be relocated away from this node
[2016-01-04 12:15:12,003][INFO ][cluster.routing.allocation.decider] [Sam Wilson] high disk watermark exceeded on one or more nodes, rerouting shards
[2016-01-04 12:15:41,992][WARN ][cluster.routing.allocation.decider] [Sam Wilson] high disk watermark [90%] exceeded on [RI0wW6-GTAW4FXIFGHuTTA][Sam Wilson] free: 2.7gb[2.4%], shards will be relocated away from this node
[2016-01-04 12:16:12,022][WARN ][cluster.routing.allocation.decider] [Sam Wilson] high disk watermark [90%] exceeded on [RI0wW6-GTAW4FXIFGHuTTA][Sam Wilson] free: 2.6gb[2.3%], shards will be relocated away from this node
[2016-01-04 12:16:12,026][INFO ][cluster.routing.allocation.decider] [Sam Wilson] high disk watermark exceeded on one or more nodes, rerouting shards
[2016-01-04 12:16:42,002][WARN ][cluster.routing.allocation.decider] [Sam Wilson] high disk watermark [90%] exceeded on [RI0wW6-GTAW4FXIFGHuTTA][Sam Wilson] free: 2.6gb[2.3%], shards will be relocated away from this node
[2016-01-04 12:17:12,003][WARN ][cluster.routing.allocation.decider] [Sam Wilson] high disk watermark [90%] exceeded on [RI0wW6-GTAW4FXIFGHuTTA][Sam Wilson] free: 2.6gb[2.3%], shards will be relocated away from this node
[2016-01-04 12:17:42,012][WARN ][cluster.routing.allocation.decider] [Sam Wilson] high disk watermark [90%] exceeded on [RI0wW6-GTAW4FXIFGHuTTA][Sam Wilson] free: 2.6gb[2.3%], shards will be relocated away from this node
[2016-01-04 12:17:42,013][INFO ][cluster.routing.allocation.decider] [Sam Wilson] high disk watermark exceeded on one or more nodes, rerouting shards
[2016-01-04 12:18:12,035][WARN ][cluster.routing.allocation.decider] [Sam Wilson] high disk watermark [90%] exceeded on [RI0wW6-GTAW4FXIFGHuTTA][Sam Wilson] free: 2.5gb[2.3%], shards will be relocated away from this node
[2016-01-04 12:18:42,042][WARN ][cluster.routing.allocation.decider] [Sam Wilson] high disk watermark [90%] exceeded on [RI0wW6-GTAW4FXIFGHuTTA][Sam Wilson] free: 2.5gb[2.2%], shards will be relocated away from this node
[2016-01-04 12:18:42,046][INFO ][cluster.routing.allocation.decider] [Sam Wilson] high disk watermark exceeded on one or more nodes, rerouting shards
[2016-01-04 12:19:12,025][WARN ][cluster.routing.allocation.decider] [Sam Wilson] high disk watermark [90%] exceeded on [RI0wW6-GTAW4FXIFGHuTTA][Sam Wilson] free: 2.5gb[2.2%], shards will be relocated away from this node
[2016-01-04 12:19:42,024][WARN ][cluster.routing.allocation.decider] [Sam Wilson] high disk watermark [90%] exceeded on [RI0wW6-GTAW4FXIFGHuTTA][Sam Wilson] free: 2.5gb[2.2%], shards will be relocated away from this node
[2016-01-04 12:20:12,036][WARN ][cluster.routing.allocation.decider] [Sam Wilson] high disk watermark [90%] exceeded on [RI0wW6-GTAW4FXIFGHuTTA][Sam Wilson] free: 2.5gb[2.2%], shards will be relocated away from this node
[2016-01-04 12:20:12,039][INFO ][cluster.routing.allocation.decider] [Sam Wilson] high disk watermark exceeded on one or more nodes, rerouting shards
[2016-01-04 12:20:42,040][WARN ][cluster.routing.allocation.decider] [Sam Wilson] high disk watermark [90%] exceeded on [RI0wW6-GTAW4FXIFGHuTTA][Sam Wilson] free: 2.5gb[2.2%], shards will be relocated away from this node
[2016-01-04 12:21:12,038][WARN ][cluster.routing.allocation.decider] [Sam Wilson] high disk watermark [90%] exceeded on [RI0wW6-GTAW4FXIFGHuTTA][Sam Wilson] free: 2.5gb[2.2%], shards will be relocated away from this node
[2016-01-04 12:21:42,060][WARN ][cluster.routing.allocation.decider] [Sam Wilson] high disk watermark [90%] exceeded on [RI0wW6-GTAW4FXIFGHuTTA][Sam Wilson] free: 2.5gb[2.2%], shards will be relocated away from this node
[2016-01-04 12:21:42,065][INFO ][cluster.routing.allocation.decider] [Sam Wilson] high disk watermark exceeded on one or more nodes, rerouting shards
[2016-01-04 12:22:12,059][WARN ][cluster.routing.allocation.decider] [Sam Wilson] high disk watermark [90%] exceeded on [RI0wW6-GTAW4FXIFGHuTTA][Sam Wilson] free: 2.5gb[2.2%], shards will be relocated away from this node
[2016-01-04 12:22:42,061][WARN ][cluster.routing.allocation.decider] [Sam Wilson] high disk watermark [90%] exceeded on [RI0wW6-GTAW4FXIFGHuTTA][Sam Wilson] free: 2.5gb[2.2%], shards will be relocated away from this node
[2016-01-04 12:23:12,063][WARN ][cluster.routing.allocation.decider] [Sam Wilson] high disk watermark [90%] exceeded on [RI0wW6-GTAW4FXIFGHuTTA][Sam Wilson] free: 2.5gb[2.2%], shards will be relocated away from this node
[2016-01-04 12:23:12,063][INFO ][cluster.routing.allocation.decider] [Sam Wilson] high disk watermark exceeded on one or more nodes, rerouting shards
[2016-01-04 12:23:42,076][WARN ][cluster.routing.allocation.decider] [Sam Wilson] high disk watermark [90%] exceeded on [RI0wW6-GTAW4FXIFGHuTTA][Sam Wilson] free: 2.5gb[2.2%], shards will be relocated away from this node
[2016-01-04 12:24:12,073][WARN ][cluster.routing.allocation.decider] [Sam Wilson] high disk watermark [90%] exceeded on [RI0wW6-GTAW4FXIFGHuTTA][Sam Wilson] free: 2.5gb[2.2%], shards will be relocated away from this node
[2016-01-04 12:24:12,073][INFO ][cluster.routing.allocation.decider] [Sam Wilson] high disk watermark exceeded on one or more nodes, rerouting shards
[2016-01-04 12:24:42,091][WARN ][cluster.routing.allocation.decider] [Sam Wilson] high disk watermark [90%] exceeded on [RI0wW6-GTAW4FXIFGHuTTA][Sam Wilson] free: 2.5gb[2.2%], shards will be relocated away from this node
[2016-01-04 12:25:12,085][WARN ][cluster.routing.allocation.decider] [Sam Wilson] high disk watermark [90%] exceeded on [RI0wW6-GTAW4FXIFGHuTTA][Sam Wilson] free: 2.5gb[2.2%], shards will be relocated away from this node
[2016-01-04 12:25:12,086][INFO ][cluster.routing.allocation.decider] [Sam Wilson] high disk watermark exceeded on one or more nodes, rerouting shards
[2016-01-04 12:25:42,093][WARN ][cluster.routing.allocation.decider] [Sam Wilson] high disk watermark [90%] exceeded on [RI0wW6-GTAW4FXIFGHuTTA][Sam Wilson] free: 2.5gb[2.2%], shards will be relocated away from this node
[2016-01-04 12:26:12,091][WARN ][cluster.routing.allocation.decider] [Sam Wilson] high disk watermark [90%] exceeded on [RI0wW6-GTAW4FXIFGHuTTA][Sam Wilson] free: 2.4gb[2.2%], shards will be relocated away from this node
[2016-01-04 12:26:12,094][INFO ][cluster.routing.allocation.decider] [Sam Wilson] high disk watermark exceeded on one or more nodes, rerouting shards
[2016-01-04 12:26:42,120][WARN ][cluster.routing.allocation.decider] [Sam Wilson] high disk watermark [90%] exceeded on [RI0wW6-GTAW4FXIFGHuTTA][Sam Wilson] free: 2.4gb[2.2%], shards will be relocated away from this node
[2016-01-04 12:27:12,108][WARN ][cluster.routing.allocation.decider] [Sam Wilson] high disk watermark [90%] exceeded on [RI0wW6-GTAW4FXIFGHuTTA][Sam Wilson] free: 2.4gb[2.2%], shards will be relocated away from this node
[2016-01-04 12:27:12,108][INFO ][cluster.routing.allocation.decider] [Sam Wilson] high disk watermark exceeded on one or more nodes, rerouting shards
[2016-01-04 12:27:42,103][WARN ][cluster.routing.allocation.decider] [Sam Wilson] high disk watermark [90%] exceeded on [RI0wW6-GTAW4FXIFGHuTTA][Sam Wilson] free: 2.4gb[2.2%], shards will be relocated away from this node
[2016-01-04 12:28:12,115][WARN ][cluster.routing.allocation.decider] [Sam Wilson] high disk watermark [90%] exceeded on [RI0wW6-GTAW4FXIFGHuTTA][Sam Wilson] free: 2.4gb[2.2%], shards will be relocated away from this node
[2016-01-04 12:28:12,116][INFO ][cluster.routing.allocation.decider] [Sam Wilson] high disk watermark exceeded on one or more nodes, rerouting shards
[2016-01-04 12:28:42,122][WARN ][cluster.routing.allocation.decider] [Sam Wilson] high disk watermark [90%] exceeded on [RI0wW6-GTAW4FXIFGHuTTA][Sam Wilson] free: 2.4gb[2.2%], shards will be relocated away from this node
[2016-01-04 12:29:12,130][WARN ][cluster.routing.allocation.decider] [Sam Wilson] high disk watermark [90%] exceeded on [RI0wW6-GTAW4FXIFGHuTTA][Sam Wilson] free: 2.4gb[2.2%], shards will be relocated away from this node
[2016-01-04 12:29:12,133][INFO ][cluster.routing.allocation.decider] [Sam Wilson] high disk watermark exceeded on one or more nodes, rerouting shards
[2016-01-04 12:29:42,130][WARN ][cluster.routing.allocation.decider] [Sam Wilson] high disk watermark [90%] exceeded on [RI0wW6-GTAW4FXIFGHuTTA][Sam Wilson] free: 2.4gb[2.2%], shards will be relocated away from this node
[2016-01-04 12:30:12,141][WARN ][cluster.routing.allocation.decider] [Sam Wilson] high disk watermark [90%] exceeded on [RI0wW6-GTAW4FXIFGHuTTA][Sam Wilson] free: 2.4gb[2.2%], shards will be relocated away from this node
[2016-01-04 12:30:12,141][INFO ][cluster.routing.allocation.decider] [Sam Wilson] high disk watermark exceeded on one or more nodes, rerouting shards
[2016-01-04 12:30:42,142][WARN ][cluster.routing.allocation.decider] [Sam Wilson] high disk watermark [90%] exceeded on [RI0wW6-GTAW4FXIFGHuTTA][Sam Wilson] free: 2.4gb[2.2%], shards will be relocated away from this node
[2016-01-04 12:31:12,152][WARN ][cluster.routing.allocation.decider] [Sam Wilson] high disk watermark [90%] exceeded on [RI0wW6-GTAW4FXIFGHuTTA][Sam Wilson] free: 2.4gb[2.2%], shards will be relocated away from this node
[2016-01-04 12:31:12,155][INFO ][cluster.routing.allocation.decider] [Sam Wilson] high disk watermark exceeded on one or more nodes, rerouting shards
[2016-01-04 12:31:42,145][WARN ][cluster.routing.allocation.decider] [Sam Wilson] high disk watermark [90%] exceeded on [RI0wW6-GTAW4FXIFGHuTTA][Sam Wilson] free: 2.4gb[2.2%], shards will be relocated away from this node
[2016-01-04 12:32:12,149][WARN ][cluster.routing.allocation.decider] [Sam Wilson] high disk watermark [90%] exceeded on [RI0wW6-GTAW4FXIFGHuTTA][Sam Wilson] free: 2.4gb[2.2%], shards will be relocated away from this node
[2016-01-04 12:32:42,165][WARN ][cluster.routing.allocation.decider] [Sam Wilson] high disk watermark [90%] exceeded on [RI0wW6-GTAW4FXIFGHuTTA][Sam Wilson] free: 2.4gb[2.2%], shards will be relocated away from this node
[2016-01-04 12:32:42,183][INFO ][cluster.routing.allocation.decider] [Sam Wilson] high disk watermark exceeded on one or more nodes, rerouting shards
[2016-01-04 12:33:12,152][WARN ][cluster.routing.allocation.decider] [Sam Wilson] high disk watermark [90%] exceeded on [RI0wW6-GTAW4FXIFGHuTTA][Sam Wilson] free: 2.4gb[2.1%], shards will be relocated away from this node
[2016-01-04 12:33:42,178][WARN ][cluster.routing.allocation.decider] [Sam Wilson] high disk watermark [90%] exceeded on [RI0wW6-GTAW4FXIFGHuTTA][Sam Wilson] free: 2.4gb[2.1%], shards will be relocated away from this node
[2016-01-04 12:34:12,187][WARN ][cluster.routing.allocation.decider] [Sam Wilson] high disk watermark [90%] exceeded on [RI0wW6-GTAW4FXIFGHuTTA][Sam Wilson] free: 2.4gb[2.1%], shards will be relocated away from this node
[2016-01-04 12:34:12,190][INFO ][cluster.routing.allocation.decider] [Sam Wilson] high disk watermark exceeded on one or more nodes, rerouting shards
[2016-01-04 12:34:42,205][WARN ][cluster.routing.allocation.decider] [Sam Wilson] high disk watermark [90%] exceeded on [RI0wW6-GTAW4FXIFGHuTTA][Sam Wilson] free: 2.4gb[2.1%], shards will be relocated away from this node
[2016-01-04 12:35:12,182][WARN ][cluster.routing.allocation.decider] [Sam Wilson] high disk watermark [90%] exceeded on [RI0wW6-GTAW4FXIFGHuTTA][Sam Wilson] free: 2.4gb[2.1%], shards will be relocated away from this node
[2016-01-04 12:35:42,191][WARN ][cluster.routing.allocation.decider] [Sam Wilson] high disk watermark [90%] exceeded on [RI0wW6-GTAW4FXIFGHuTTA][Sam Wilson] free: 2.3gb[2.1%], shards will be relocated away from this node
[2016-01-04 12:35:42,192][INFO ][cluster.routing.allocation.decider] [Sam Wilson] high disk watermark exceeded on one or more nodes, rerouting shards
[2016-01-04 12:36:12,194][WARN ][cluster.routing.allocation.decider] [Sam Wilson] high disk watermark [90%] exceeded on [RI0wW6-GTAW4FXIFGHuTTA][Sam Wilson] free: 2.3gb[2.1%], shards will be relocated away from this node
[2016-01-04 12:36:42,207][WARN ][cluster.routing.allocation.decider] [Sam Wilson] high disk watermark [90%] exceeded on [RI0wW6-GTAW4FXIFGHuTTA][Sam Wilson] free: 2.3gb[2.1%], shards will be relocated away from this node
[2016-01-04 12:36:42,208][INFO ][cluster.routing.allocation.decider] [Sam Wilson] high disk watermark exceeded on one or more nodes, rerouting shards
[2016-01-04 12:37:12,208][WARN ][cluster.routing.allocation.decider] [Sam Wilson] high disk watermark [90%] exceeded on [RI0wW6-GTAW4FXIFGHuTTA][Sam Wilson] free: 2.3gb[2.1%], shards will be relocated away from this node
[2016-01-04 12:37:42,236][WARN ][cluster.routing.allocation.decider] [Sam Wilson] high disk watermark [90%] exceeded on [RI0wW6-GTAW4FXIFGHuTTA][Sam Wilson] free: 2.3gb[2.1%], shards will be relocated away from this node
[2016-01-04 12:37:42,239][INFO ][cluster.routing.allocation.decider] [Sam Wilson] high disk watermark exceeded on one or more nodes, rerouting shards
[2016-01-04 12:38:12,223][WARN ][cluster.routing.allocation.decider] [Sam Wilson] high disk watermark [90%] exceeded on [RI0wW6-GTAW4FXIFGHuTTA][Sam Wilson] free: 2.3gb[2.1%], shards will be relocated away from this node
[2016-01-04 12:38:42,222][WARN ][cluster.routing.allocation.decider] [Sam Wilson] high disk watermark [90%] exceeded on [RI0wW6-GTAW4FXIFGHuTTA][Sam Wilson] free: 2.3gb[2.1%], shards will be relocated away from this node
[2016-01-04 12:39:12,230][WARN ][cluster.routing.allocation.decider] [Sam Wilson] high disk watermark [90%] exceeded on [RI0wW6-GTAW4FXIFGHuTTA][Sam Wilson] free: 2.3gb[2.1%], shards will be relocated away from this node
[2016-01-04 12:39:12,232][INFO ][cluster.routing.allocation.decider] [Sam Wilson] high disk watermark exceeded on one or more nodes, rerouting shards
[2016-01-04 12:39:42,235][WARN ][cluster.routing.allocation.decider] [Sam Wilson] high disk watermark [90%] exceeded on [RI0wW6-GTAW4FXIFGHuTTA][Sam Wilson] free: 2.3gb[2.1%], shards will be relocated away from this node
[2016-01-04 12:40:12,238][WARN ][cluster.routing.allocation.decider] [Sam Wilson] high disk watermark [90%] exceeded on [RI0wW6-GTAW4FXIFGHuTTA][Sam Wilson] free: 2.3gb[2.1%], shards will be relocated away from this node
[2016-01-04 12:40:12,238][INFO ][cluster.routing.allocation.decider] [Sam Wilson] high disk watermark exceeded on one or more nodes, rerouting shards
[2016-01-04 12:40:42,241][WARN ][cluster.routing.allocation.decider] [Sam Wilson] high disk watermark [90%] exceeded on [RI0wW6-GTAW4FXIFGHuTTA][Sam Wilson] free: 2.3gb[2.1%], shards will be relocated away from this node
[2016-01-04 12:41:12,238][WARN ][cluster.routing.allocation.decider] [Sam Wilson] high disk watermark [90%] exceeded on [RI0wW6-GTAW4FXIFGHuTTA][Sam Wilson] free: 2.3gb[2.1%], shards will be relocated away from this node
[2016-01-04 12:41:42,246][WARN ][cluster.routing.allocation.decider] [Sam Wilson] high disk watermark [90%] exceeded on [RI0wW6-GTAW4FXIFGHuTTA][Sam Wilson] free: 2.3gb[2.1%], shards will be relocated away from this node
[2016-01-04 12:41:42,247][INFO ][cluster.routing.allocation.decider] [Sam Wilson] high disk watermark exceeded on one or more nodes, rerouting shards
[2016-01-04 12:42:12,251][WARN ][cluster.routing.allocation.decider] [Sam Wilson] high disk watermark [90%] exceeded on [RI0wW6-GTAW4FXIFGHuTTA][Sam Wilson] free: 2.3gb[2.1%], shards will be relocated away from this node
[2016-01-04 12:42:42,253][WARN ][cluster.routing.allocation.decider] [Sam Wilson] high disk watermark [90%] exceeded on [RI0wW6-GTAW4FXIFGHuTTA][Sam Wilson] free: 2.3gb[2.1%], shards will be relocated away from this node
[2016-01-04 12:42:42,253][INFO ][cluster.routing.allocation.decider] [Sam Wilson] high disk watermark exceeded on one or more nodes, rerouting shards
[2016-01-04 12:43:12,261][WARN ][cluster.routing.allocation.decider] [Sam Wilson] high disk watermark [90%] exceeded on [RI0wW6-GTAW4FXIFGHuTTA][Sam Wilson] free: 2.3gb[2.1%], shards will be relocated away from this node
[2016-01-04 12:43:42,266][WARN ][cluster.routing.allocation.decider] [Sam Wilson] high disk watermark [90%] exceeded on [RI0wW6-GTAW4FXIFGHuTTA][Sam Wilson] free: 2.3gb[2.1%], shards will be relocated away from this node
[2016-01-04 12:43:42,266][INFO ][cluster.routing.allocation.decider] [Sam Wilson] high disk watermark exceeded on one or more nodes, rerouting shards
[2016-01-04 12:44:12,269][WARN ][cluster.routing.allocation.decider] [Sam Wilson] high disk watermark [90%] exceeded on [RI0wW6-GTAW4FXIFGHuTTA][Sam Wilson] free: 2.3gb[2.1%], shards will be relocated away from this node
[2016-01-04 12:44:42,287][WARN ][cluster.routing.allocation.decider] [Sam Wilson] high disk watermark [90%] exceeded on [RI0wW6-GTAW4FXIFGHuTTA][Sam Wilson] free: 2.3gb[2.1%], shards will be relocated away from this node
[2016-01-04 12:44:42,289][INFO ][cluster.routing.allocation.decider] [Sam Wilson] high disk watermark exceeded on one or more nodes, rerouting shards
[2016-01-04 12:45:12,282][WARN ][cluster.routing.allocation.decider] [Sam Wilson] high disk watermark [90%] exceeded on [RI0wW6-GTAW4FXIFGHuTTA][Sam Wilson] free: 2.3gb[2.1%], shards will be relocated away from this node
[2016-01-04 12:45:42,294][WARN ][cluster.routing.allocation.decider] [Sam Wilson] high disk watermark [90%] exceeded on [RI0wW6-GTAW4FXIFGHuTTA][Sam Wilson] free: 2.3gb[2.1%], shards will be relocated away from this node
[2016-01-04 12:45:42,295][INFO ][cluster.routing.allocation.decider] [Sam Wilson] high disk watermark exceeded on one or more nodes, rerouting shards
[2016-01-04 12:46:12,296][WARN ][cluster.routing.allocation.decider] [Sam Wilson] high disk watermark [90%] exceeded on [RI0wW6-GTAW4FXIFGHuTTA][Sam Wilson] free: 2.3gb[2.1%], shards will be relocated away from this node
[2016-01-04 12:46:42,309][WARN ][cluster.routing.allocation.decider] [Sam Wilson] high disk watermark [90%] exceeded on [RI0wW6-GTAW4FXIFGHuTTA][Sam Wilson] free: 2.3gb[2.1%], shards will be relocated away from this node
[2016-01-04 12:46:42,310][INFO ][cluster.routing.allocation.decider] [Sam Wilson] high disk watermark exceeded on one or more nodes, rerouting shards
[2016-01-04 12:47:12,317][WARN ][cluster.routing.allocation.decider] [Sam Wilson] high disk watermark [90%] exceeded on [RI0wW6-GTAW4FXIFGHuTTA][Sam Wilson] free: 2.3gb[2.1%], shards will be relocated away from this node
[2016-01-04 12:47:42,321][WARN ][cluster.routing.allocation.decider] [Sam Wilson] high disk watermark [90%] exceeded on [RI0wW6-GTAW4FXIFGHuTTA][Sam Wilson] free: 2.3gb[2.1%], shards will be relocated away from this node
[2016-01-04 12:47:42,323][INFO ][cluster.routing.allocation.decider] [Sam Wilson] high disk watermark exceeded on one or more nodes, rerouting shards
[2016-01-04 12:48:12,316][WARN ][cluster.routing.allocation.decider] [Sam Wilson] high disk watermark [90%] exceeded on [RI0wW6-GTAW4FXIFGHuTTA][Sam Wilson] free: 2.3gb[2.1%], shards will be relocated away from this node
[2016-01-04 12:48:42,329][WARN ][cluster.routing.allocation.decider] [Sam Wilson] high disk watermark [90%] exceeded on [RI0wW6-GTAW4FXIFGHuTTA][Sam Wilson] free: 2.3gb[2.1%], shards will be relocated away from this node
[2016-01-04 12:48:42,330][INFO ][cluster.routing.allocation.decider] [Sam Wilson] high disk watermark exceeded on one or more nodes, rerouting shards
[2016-01-04 12:49:12,322][WARN ][cluster.routing.allocation.decider] [Sam Wilson] high disk watermark [90%] exceeded on [RI0wW6-GTAW4FXIFGHuTTA][Sam Wilson] free: 2.3gb[2.1%], shards will be relocated away from this node
[2016-01-04 12:49:42,328][WARN ][cluster.routing.allocation.decider] [Sam Wilson] high disk watermark [90%] exceeded on [RI0wW6-GTAW4FXIFGHuTTA][Sam Wilson] free: 2.3gb[2.1%], shards will be relocated away from this node
[2016-01-04 12:50:12,336][WARN ][cluster.routing.allocation.decider] [Sam Wilson] high disk watermark [90%] exceeded on [RI0wW6-GTAW4FXIFGHuTTA][Sam Wilson] free: 2.3gb[2.1%], shards will be relocated away from this node
[2016-01-04 12:50:12,336][INFO ][cluster.routing.allocation.decider] [Sam Wilson] high disk watermark exceeded on one or more nodes, rerouting shards
[2016-01-04 12:50:42,342][WARN ][cluster.routing.allocation.decider] [Sam Wilson] high disk watermark [90%] exceeded on [RI0wW6-GTAW4FXIFGHuTTA][Sam Wilson] free: 2.3gb[2.1%], shards will be relocated away from this node
[2016-01-04 12:51:12,341][WARN ][cluster.routing.allocation.decider] [Sam Wilson] high disk watermark [90%] exceeded on [RI0wW6-GTAW4FXIFGHuTTA][Sam Wilson] free: 2.3gb[2.1%], shards will be relocated away from this node
[2016-01-04 12:51:12,344][INFO ][cluster.routing.allocation.decider] [Sam Wilson] high disk watermark exceeded on one or more nodes, rerouting shards
[2016-01-04 12:51:42,340][WARN ][cluster.routing.allocation.decider] [Sam Wilson] high disk watermark [90%] exceeded on [RI0wW6-GTAW4FXIFGHuTTA][Sam Wilson] free: 2.3gb[2.1%], shards will be relocated away from this node
[2016-01-04 12:52:12,359][WARN ][cluster.routing.allocation.decider] [Sam Wilson] high disk watermark [90%] exceeded on [RI0wW6-GTAW4FXIFGHuTTA][Sam Wilson] free: 2.3gb[2.1%], shards will be relocated away from this node
[2016-01-04 12:52:12,359][INFO ][cluster.routing.allocation.decider] [Sam Wilson] high disk watermark exceeded on one or more nodes, rerouting shards
[2016-01-04 12:52:42,362][WARN ][cluster.routing.allocation.decider] [Sam Wilson] high disk watermark [90%] exceeded on [RI0wW6-GTAW4FXIFGHuTTA][Sam Wilson] free: 2.3gb[2.1%], shards will be relocated away from this node
[2016-01-04 12:53:12,369][WARN ][cluster.routing.allocation.decider] [Sam Wilson] high disk watermark [90%] exceeded on [RI0wW6-GTAW4FXIFGHuTTA][Sam Wilson] free: 2.3gb[2.1%], shards will be relocated away from this node
[2016-01-04 12:53:12,370][INFO ][cluster.routing.allocation.decider] [Sam Wilson] high disk watermark exceeded on one or more nodes, rerouting shards
[2016-01-04 12:53:42,379][WARN ][cluster.routing.allocation.decider] [Sam Wilson] high disk watermark [90%] exceeded on [RI0wW6-GTAW4FXIFGHuTTA][Sam Wilson] free: 2.3gb[2.1%], shards will be relocated away from this node
[2016-01-04 12:54:12,370][WARN ][cluster.routing.allocation.decider] [Sam Wilson] high disk watermark [90%] exceeded on [RI0wW6-GTAW4FXIFGHuTTA][Sam Wilson] free: 2.3gb[2.1%], shards will be relocated away from this node
[2016-01-04 12:54:12,377][INFO ][cluster.routing.allocation.decider] [Sam Wilson] high disk watermark exceeded on one or more nodes, rerouting shards
[2016-01-04 12:54:42,388][WARN ][cluster.routing.allocation.decider] [Sam Wilson] high disk watermark [90%] exceeded on [RI0wW6-GTAW4FXIFGHuTTA][Sam Wilson] free: 2.3gb[2.1%], shards will be relocated away from this node
[2016-01-04 12:55:12,388][WARN ][cluster.routing.allocation.decider] [Sam Wilson] high disk watermark [90%] exceeded on [RI0wW6-GTAW4FXIFGHuTTA][Sam Wilson] free: 2.3gb[2.1%], shards will be relocated away from this node
[2016-01-04 12:55:12,388][INFO ][cluster.routing.allocation.decider] [Sam Wilson] high disk watermark exceeded on one or more nodes, rerouting shards
[2016-01-04 12:55:42,399][WARN ][cluster.routing.allocation.decider] [Sam Wilson] high disk watermark [90%] exceeded on [RI0wW6-GTAW4FXIFGHuTTA][Sam Wilson] free: 2.3gb[2.1%], shards will be relocated away from this node
[2016-01-04 12:56:12,398][WARN ][cluster.routing.allocation.decider] [Sam Wilson] high disk watermark [90%] exceeded on [RI0wW6-GTAW4FXIFGHuTTA][Sam Wilson] free: 2.3gb[2.1%], shards will be relocated away from this node
[2016-01-04 12:56:12,399][INFO ][cluster.routing.allocation.decider] [Sam Wilson] high disk watermark exceeded on one or more nodes, rerouting shards
[2016-01-04 12:56:42,398][WARN ][cluster.routing.allocation.decider] [Sam Wilson] high disk watermark [90%] exceeded on [RI0wW6-GTAW4FXIFGHuTTA][Sam Wilson] free: 2.3gb[2.1%], shards will be relocated away from this node
[2016-01-04 12:57:12,412][WARN ][cluster.routing.allocation.decider] [Sam Wilson] high disk watermark [90%] exceeded on [RI0wW6-GTAW4FXIFGHuTTA][Sam Wilson] free: 2.3gb[2.1%], shards will be relocated away from this node
[2016-01-04 12:57:12,420][INFO ][cluster.routing.allocation.decider] [Sam Wilson] high disk watermark exceeded on one or more nodes, rerouting shards
[2016-01-04 12:57:42,407][WARN ][cluster.routing.allocation.decider] [Sam Wilson] high disk watermark [90%] exceeded on [RI0wW6-GTAW4FXIFGHuTTA][Sam Wilson] free: 2.3gb[2.1%], shards will be relocated away from this node
[2016-01-04 12:58:12,418][WARN ][cluster.routing.allocation.decider] [Sam Wilson] high disk watermark [90%] exceeded on [RI0wW6-GTAW4FXIFGHuTTA][Sam Wilson] free: 2.3gb[2.1%], shards will be relocated away from this node
[2016-01-04 12:58:12,427][INFO ][cluster.routing.allocation.decider] [Sam Wilson] high disk watermark exceeded on one or more nodes, rerouting shards
[2016-01-04 12:58:42,413][WARN ][cluster.routing.allocation.decider] [Sam Wilson] high disk watermark [90%] exceeded on [RI0wW6-GTAW4FXIFGHuTTA][Sam Wilson] free: 2.3gb[2%], shards will be relocated away from this node
[2016-01-04 12:59:12,426][WARN ][cluster.routing.allocation.decider] [Sam Wilson] high disk watermark [90%] exceeded on [RI0wW6-GTAW4FXIFGHuTTA][Sam Wilson] free: 2.3gb[2%], shards will be relocated away from this node
[2016-01-04 12:59:12,436][INFO ][cluster.routing.allocation.decider] [Sam Wilson] high disk watermark exceeded on one or more nodes, rerouting shards
[2016-01-04 12:59:42,423][WARN ][cluster.routing.allocation.decider] [Sam Wilson] high disk watermark [90%] exceeded on [RI0wW6-GTAW4FXIFGHuTTA][Sam Wilson] free: 2.3gb[2%], shards will be relocated away from this node
[2016-01-04 13:00:12,428][WARN ][cluster.routing.allocation.decider] [Sam Wilson] high disk watermark [90%] exceeded on [RI0wW6-GTAW4FXIFGHuTTA][Sam Wilson] free: 2.3gb[2%], shards will be relocated away from this node
[2016-01-04 13:00:42,435][WARN ][cluster.routing.allocation.decider] [Sam Wilson] high disk watermark [90%] exceeded on [RI0wW6-GTAW4FXIFGHuTTA][Sam Wilson] free: 2.3gb[2%], shards will be relocated away from this node
[2016-01-04 13:00:42,442][INFO ][cluster.routing.allocation.decider] [Sam Wilson] high disk watermark exceeded on one or more nodes, rerouting shards
[2016-01-04 13:01:12,464][WARN ][cluster.routing.allocation.decider] [Sam Wilson] high disk watermark [90%] exceeded on [RI0wW6-GTAW4FXIFGHuTTA][Sam Wilson] free: 2.3gb[2%], shards will be relocated away from this node
[2016-01-04 13:01:42,463][WARN ][cluster.routing.allocation.decider] [Sam Wilson] high disk watermark [90%] exceeded on [RI0wW6-GTAW4FXIFGHuTTA][Sam Wilson] free: 2.3gb[2%], shards will be relocated away from this node
[2016-01-04 13:01:42,464][INFO ][cluster.routing.allocation.decider] [Sam Wilson] high disk watermark exceeded on one or more nodes, rerouting shards
[2016-01-04 13:02:12,456][WARN ][cluster.routing.allocation.decider] [Sam Wilson] high disk watermark [90%] exceeded on [RI0wW6-GTAW4FXIFGHuTTA][Sam Wilson] free: 2.3gb[2%], shards will be relocated away from this node
[2016-01-04 13:02:42,467][WARN ][cluster.routing.allocation.decider] [Sam Wilson] high disk watermark [90%] exceeded on [RI0wW6-GTAW4FXIFGHuTTA][Sam Wilson] free: 2.3gb[2%], shards will be relocated away from this node
[2016-01-04 13:02:42,469][INFO ][cluster.routing.allocation.decider] [Sam Wilson] high disk watermark exceeded on one or more nodes, rerouting shards
[2016-01-04 13:03:12,475][WARN ][cluster.routing.allocation.decider] [Sam Wilson] high disk watermark [90%] exceeded on [RI0wW6-GTAW4FXIFGHuTTA][Sam Wilson] free: 2.3gb[2%], shards will be relocated away from this node
[2016-01-04 13:03:42,493][WARN ][cluster.routing.allocation.decider] [Sam Wilson] high disk watermark [90%] exceeded on [RI0wW6-GTAW4FXIFGHuTTA][Sam Wilson] free: 2.3gb[2%], shards will be relocated away from this node
[2016-01-04 13:03:42,496][INFO ][cluster.routing.allocation.decider] [Sam Wilson] high disk watermark exceeded on one or more nodes, rerouting shards
[2016-01-04 13:04:12,493][WARN ][cluster.routing.allocation.decider] [Sam Wilson] high disk watermark [90%] exceeded on [RI0wW6-GTAW4FXIFGHuTTA][Sam Wilson] free: 2.3gb[2%], shards will be relocated away from this node
[2016-01-04 13:04:42,495][WARN ][cluster.routing.allocation.decider] [Sam Wilson] high disk watermark [90%] exceeded on [RI0wW6-GTAW4FXIFGHuTTA][Sam Wilson] free: 2.3gb[2%], shards will be relocated away from this node
[2016-01-04 13:05:12,500][WARN ][cluster.routing.allocation.decider] [Sam Wilson] high disk watermark [90%] exceeded on [RI0wW6-GTAW4FXIFGHuTTA][Sam Wilson] free: 2.3gb[2%], shards will be relocated away from this node
[2016-01-04 13:05:12,502][INFO ][cluster.routing.allocation.decider] [Sam Wilson] high disk watermark exceeded on one or more nodes, rerouting shards
[2016-01-04 13:05:42,500][WARN ][cluster.routing.allocation.decider] [Sam Wilson] high disk watermark [90%] exceeded on [RI0wW6-GTAW4FXIFGHuTTA][Sam Wilson] free: 2.3gb[2%], shards will be relocated away from this node
[2016-01-04 13:06:12,517][WARN ][cluster.routing.allocation.decider] [Sam Wilson] high disk watermark [90%] exceeded on [RI0wW6-GTAW4FXIFGHuTTA][Sam Wilson] free: 2.3gb[2%], shards will be relocated away from this node
[2016-01-04 13:06:12,519][INFO ][cluster.routing.allocation.decider] [Sam Wilson] high disk watermark exceeded on one or more nodes, rerouting shards
[2016-01-04 13:06:42,527][WARN ][cluster.routing.allocation.decider] [Sam Wilson] high disk watermark [90%] exceeded on [RI0wW6-GTAW4FXIFGHuTTA][Sam Wilson] free: 2.3gb[2%], shards will be relocated away from this node
[2016-01-04 13:07:12,524][WARN ][cluster.routing.allocation.decider] [Sam Wilson] high disk watermark [90%] exceeded on [RI0wW6-GTAW4FXIFGHuTTA][Sam Wilson] free: 2.3gb[2%], shards will be relocated away from this node
[2016-01-04 13:07:12,526][INFO ][cluster.routing.allocation.decider] [Sam Wilson] high disk watermark exceeded on one or more nodes, rerouting shards
[2016-01-04 13:07:42,528][WARN ][cluster.routing.allocation.decider] [Sam Wilson] high disk watermark [90%] exceeded on [RI0wW6-GTAW4FXIFGHuTTA][Sam Wilson] free: 2.3gb[2%], shards will be relocated away from this node
[2016-01-04 13:07:45,006][INFO ][node                     ] [Sam Wilson] stopping ...
[2016-01-04 13:07:45,402][INFO ][node                     ] [Sam Wilson] stopped
[2016-01-04 13:07:45,403][INFO ][node                     ] [Sam Wilson] closing ...
[2016-01-04 13:07:45,460][INFO ][node                     ] [Sam Wilson] closed
